TN:
SF:src\components\Loader.jsx
FN:5,(anonymous_0)
FNF:1
FNH:1
FNDA:2,(anonymous_0)
DA:5,1
DA:7,2
DA:43,2
DA:44,1
DA:47,1
LF:5
LH:5
BRDA:5,0,0,2
BRDA:9,1,0,1
BRDA:9,1,1,1
BRDA:31,2,0,2
BRDA:31,2,1,1
BRDA:43,3,0,1
BRDA:43,3,1,1
BRF:7
BRH:7
end_of_record
TN:
SF:src\features\admin\AdminDashboard.jsx
FN:10,(anonymous_0)
FN:11,(anonymous_1)
FN:14,(anonymous_2)
FN:17,(anonymous_3)
FN:31,(anonymous_4)
FN:36,(anonymous_5)
FN:38,(anonymous_6)
FN:50,(anonymous_7)
FN:62,(anonymous_8)
FN:137,(anonymous_9)
FN:153,(anonymous_10)
FN:184,(anonymous_11)
FN:222,(anonymous_12)
FN:241,(anonymous_13)
FN:268,(anonymous_14)
FN:276,(anonymous_15)
FN:293,(anonymous_16)
FN:314,(anonymous_17)
FN:333,(anonymous_18)
FN:340,(anonymous_19)
FN:352,(anonymous_20)
FN:356,(anonymous_21)
FN:360,(anonymous_22)
FN:371,(anonymous_23)
FN:388,(anonymous_24)
FN:399,(anonymous_25)
FN:400,(anonymous_26)
FN:401,(anonymous_27)
FN:422,(anonymous_28)
FN:428,(anonymous_29)
FN:490,(anonymous_30)
FN:501,(anonymous_31)
FN:502,(anonymous_32)
FN:528,(anonymous_33)
FN:543,(anonymous_34)
FN:547,(anonymous_35)
FN:551,(anonymous_36)
FN:555,(anonymous_37)
FN:562,(anonymous_38)
FNF:39
FNH:35
FNDA:4,(anonymous_0)
FNDA:4,(anonymous_1)
FNDA:4,(anonymous_2)
FNDA:4,(anonymous_3)
FNDA:27,(anonymous_4)
FNDA:4,(anonymous_5)
FNDA:0,(anonymous_6)
FNDA:4,(anonymous_7)
FNDA:3,(anonymous_8)
FNDA:4,(anonymous_9)
FNDA:4,(anonymous_10)
FNDA:3,(anonymous_11)
FNDA:8,(anonymous_12)
FNDA:8,(anonymous_13)
FNDA:0,(anonymous_14)
FNDA:27,(anonymous_15)
FNDA:8,(anonymous_16)
FNDA:0,(anonymous_17)
FNDA:33,(anonymous_18)
FNDA:9,(anonymous_19)
FNDA:7,(anonymous_20)
FNDA:3,(anonymous_21)
FNDA:2,(anonymous_22)
FNDA:2,(anonymous_23)
FNDA:3,(anonymous_24)
FNDA:42,(anonymous_25)
FNDA:42,(anonymous_26)
FNDA:42,(anonymous_27)
FNDA:0,(anonymous_28)
FNDA:5,(anonymous_29)
FNDA:32,(anonymous_30)
FNDA:3,(anonymous_31)
FNDA:3,(anonymous_32)
FNDA:1,(anonymous_33)
FNDA:1,(anonymous_34)
FNDA:1,(anonymous_35)
FNDA:1,(anonymous_36)
FNDA:1,(anonymous_37)
FNDA:1,(anonymous_38)
DA:10,1
DA:11,4
DA:12,4
DA:13,4
DA:14,4
DA:15,4
DA:16,4
DA:17,4
DA:18,4
DA:19,4
DA:20,4
DA:21,4
DA:22,4
DA:23,4
DA:24,4
DA:31,1
DA:32,27
DA:33,27
DA:34,27
DA:36,27
DA:37,4
DA:38,4
DA:41,27
DA:48,27
DA:50,27
DA:51,4
DA:52,4
DA:53,4
DA:54,1
DA:55,1
DA:56,1
DA:59,3
DA:61,3
DA:63,3
DA:64,3
DA:65,1
DA:67,3
DA:71,3
DA:73,3
DA:79,2
DA:81,2
DA:82,1
DA:83,1
DA:84,1
DA:86,1
DA:89,1
DA:90,1
DA:92,4
DA:96,27
DA:98,27
DA:137,4
DA:154,4
DA:185,3
DA:223,8
DA:224,8
DA:242,8
DA:243,8
DA:244,4
DA:268,0
DA:277,27
DA:294,8
DA:295,8
DA:296,4
DA:314,0
DA:333,1
DA:334,33
DA:335,33
DA:336,33
DA:337,33
DA:338,33
DA:340,33
DA:341,9
DA:342,9
DA:343,9
DA:344,9
DA:345,9
DA:348,0
DA:352,33
DA:353,7
DA:356,33
DA:357,3
DA:360,33
DA:361,2
DA:362,2
DA:363,2
DA:364,1
DA:366,1
DA:368,2
DA:371,33
DA:372,2
DA:373,2
DA:374,2
DA:379,1
DA:380,1
DA:381,1
DA:384,1
DA:388,33
DA:389,3
DA:390,3
DA:398,33
DA:399,42
DA:400,42
DA:401,42
DA:403,33
DA:422,0
DA:428,5
DA:491,32
DA:501,3
DA:502,3
DA:528,1
DA:543,1
DA:547,1
DA:551,1
DA:555,1
DA:562,1
LF:115
LH:111
BRDA:36,0,0,4
BRDA:53,1,0,1
BRDA:53,1,1,3
BRDA:64,2,0,1
BRDA:64,2,1,2
BRDA:64,3,0,3
BRDA:64,3,1,1
BRDA:81,4,0,1
BRDA:81,4,1,1
BRDA:86,5,0,1
BRDA:86,5,1,0
BRDA:103,6,0,27
BRDA:103,6,1,4
BRDA:109,7,0,3
BRDA:109,7,1,1
BRDA:112,8,0,3
BRDA:112,8,1,1
BRDA:130,9,0,27
BRDA:130,9,1,1
BRDA:140,10,0,27
BRDA:140,10,1,1
BRDA:157,11,0,27
BRDA:157,11,1,1
BRDA:162,12,0,27
BRDA:162,12,1,1
BRDA:185,13,0,3
BRDA:185,13,1,0
BRDA:185,14,0,3
BRDA:185,14,1,3
BRDA:190,15,0,18
BRDA:190,15,1,9
BRDA:192,16,0,9
BRDA:192,16,1,18
BRDA:223,17,0,8
BRDA:223,17,1,0
BRDA:223,18,0,8
BRDA:223,18,1,4
BRDA:223,18,2,0
BRDA:231,19,0,27
BRDA:231,19,1,1
BRDA:243,20,0,4
BRDA:243,20,1,4
BRDA:251,21,0,27
BRDA:251,21,1,1
BRDA:265,22,0,27
BRDA:265,22,1,27
BRDA:280,23,0,27
BRDA:280,23,1,1
BRDA:284,24,0,27
BRDA:284,24,1,1
BRDA:295,25,0,4
BRDA:295,25,1,4
BRDA:303,26,0,27
BRDA:303,26,1,1
BRDA:310,27,0,0
BRDA:310,27,1,27
BRDA:311,28,0,2
BRDA:311,28,1,25
BRDA:313,29,0,27
BRDA:313,29,1,0
BRDA:321,30,0,27
BRDA:321,30,1,0
BRDA:325,31,0,3
BRDA:325,31,1,24
BRDA:343,32,0,9
BRDA:343,32,1,0
BRDA:361,33,0,0
BRDA:361,33,1,2
BRDA:364,34,0,1
BRDA:364,34,1,0
BRDA:379,35,0,1
BRDA:379,35,1,0
BRDA:391,36,0,3
BRDA:391,36,1,0
BRDA:392,37,0,3
BRDA:392,37,1,0
BRDA:393,38,0,3
BRDA:393,38,1,0
BRDA:394,39,0,3
BRDA:394,39,1,0
BRDA:400,40,0,42
BRDA:400,40,1,21
BRDA:423,41,0,23
BRDA:423,41,1,10
BRDA:429,42,0,10
BRDA:429,42,1,23
BRDA:436,43,0,33
BRDA:436,43,1,23
BRDA:467,44,0,23
BRDA:467,44,1,23
BRDA:468,45,0,23
BRDA:468,45,1,7
BRDA:469,46,0,23
BRDA:469,46,1,7
BRDA:492,47,0,32
BRDA:492,47,1,0
BRDA:493,48,0,32
BRDA:493,48,1,16
BRDA:494,49,0,32
BRDA:494,49,1,16
BRDA:496,50,0,0
BRDA:496,50,1,32
BRDA:496,51,0,16
BRDA:496,51,1,16
BRDA:497,52,0,32
BRDA:497,52,1,0
BRDA:514,53,0,33
BRDA:514,53,1,10
BRDA:519,54,0,33
BRDA:519,54,1,3
BRDA:536,55,0,33
BRDA:536,55,1,8
BRF:112
BRH:94
end_of_record
TN:
SF:src\features\guard\GuardDashboard.jsx
FN:4,(anonymous_0)
FN:135,(anonymous_1)
FN:152,(anonymous_2)
FN:164,(anonymous_3)
FN:167,(anonymous_4)
FN:170,(anonymous_5)
FN:185,(anonymous_6)
FN:188,(anonymous_7)
FN:194,(anonymous_8)
FN:205,(anonymous_9)
FN:233,(anonymous_10)
FN:274,(anonymous_11)
FN:287,(anonymous_12)
FN:366,(anonymous_13)
FN:380,(anonymous_14)
FN:394,(anonymous_15)
FN:426,(anonymous_16)
FN:452,(anonymous_17)
FN:459,(anonymous_18)
FN:462,(anonymous_19)
FN:534,(anonymous_20)
FN:535,(anonymous_21)
FN:605,(anonymous_22)
FN:666,(anonymous_23)
FNF:24
FNH:21
FNDA:7,(anonymous_0)
FNDA:44,(anonymous_1)
FNDA:13,(anonymous_2)
FNDA:8,(anonymous_3)
FNDA:8,(anonymous_4)
FNDA:5,(anonymous_5)
FNDA:0,(anonymous_6)
FNDA:0,(anonymous_7)
FNDA:3,(anonymous_8)
FNDA:2,(anonymous_9)
FNDA:3,(anonymous_10)
FNDA:96,(anonymous_11)
FNDA:3,(anonymous_12)
FNDA:3,(anonymous_13)
FNDA:0,(anonymous_14)
FNDA:2,(anonymous_15)
FNDA:2,(anonymous_16)
FNDA:94,(anonymous_17)
FNDA:2,(anonymous_18)
FNDA:1,(anonymous_19)
FNDA:3,(anonymous_20)
FNDA:1,(anonymous_21)
FNDA:1,(anonymous_22)
FNDA:1,(anonymous_23)
DA:4,1
DA:5,7
DA:8,7
DA:9,7
DA:11,7
DA:12,7
DA:14,7
DA:15,7
DA:16,7
DA:18,7
DA:19,7
DA:20,7
DA:21,7
DA:23,7
DA:24,1
DA:25,1
DA:26,6
DA:27,0
DA:28,0
DA:31,7
DA:125,7
DA:126,7
DA:127,6
DA:128,6
DA:130,1
DA:131,1
DA:135,1
DA:136,44
DA:137,44
DA:138,44
DA:139,44
DA:140,44
DA:141,44
DA:143,44
DA:144,44
DA:146,44
DA:148,44
DA:149,44
DA:150,44
DA:152,44
DA:153,13
DA:154,13
DA:155,13
DA:156,13
DA:157,13
DA:160,0
DA:164,44
DA:165,8
DA:166,8
DA:167,8
DA:170,44
DA:171,5
DA:172,5
DA:173,5
DA:174,5
DA:175,5
DA:176,5
DA:177,5
DA:180,0
DA:181,0
DA:185,44
DA:186,0
DA:187,0
DA:188,0
DA:189,0
DA:191,0
DA:194,44
DA:195,3
DA:197,3
DA:198,3
DA:199,3
DA:201,3
DA:202,3
DA:203,2
DA:204,2
DA:205,2
DA:206,2
DA:210,2
DA:211,2
DA:217,2
DA:219,0
DA:226,1
DA:227,1
DA:229,3
DA:233,44
DA:234,3
DA:236,3
DA:237,3
DA:238,3
DA:240,3
DA:241,3
DA:242,3
DA:243,3
DA:244,3
DA:246,3
DA:247,3
DA:249,3
DA:250,3
DA:256,2
DA:258,2
DA:259,2
DA:260,2
DA:261,2
DA:263,0
DA:267,1
DA:268,1
DA:270,3
DA:274,44
DA:275,96
DA:276,96
DA:278,96
DA:280,3
DA:281,3
DA:282,96
DA:284,96
DA:287,44
DA:288,3
DA:290,3
DA:291,3
DA:294,3
DA:295,0
DA:296,0
DA:297,3
DA:300,3
DA:301,3
DA:302,3
DA:305,3
DA:306,3
DA:307,3
DA:309,3
DA:310,3
DA:311,3
DA:312,3
DA:313,3
DA:315,3
DA:316,3
DA:318,3
DA:319,3
DA:329,2
DA:331,2
DA:332,1
DA:341,1
DA:348,1
DA:349,1
DA:352,1
DA:359,1
DA:360,1
DA:362,3
DA:366,44
DA:367,3
DA:368,3
DA:369,3
DA:370,3
DA:376,2
DA:377,2
DA:378,2
DA:379,2
DA:380,0
DA:385,2
DA:387,0
DA:390,1
DA:391,1
DA:393,3
DA:394,3
DA:398,44
DA:426,2
DA:453,94
DA:459,2
DA:462,1
DA:534,3
DA:535,1
DA:605,1
DA:666,1
LF:173
LH:157
BRDA:5,0,0,0
BRDA:5,0,1,7
BRDA:9,1,0,7
BRDA:9,1,1,7
BRDA:11,2,0,1
BRDA:11,2,1,6
BRDA:11,3,0,2
BRDA:11,3,1,4
BRDA:12,4,0,7
BRDA:12,4,1,5
BRDA:12,4,2,0
BRDA:15,5,0,0
BRDA:15,5,1,7
BRDA:16,6,0,0
BRDA:16,6,1,7
BRDA:18,7,0,7
BRDA:18,7,1,0
BRDA:23,8,0,1
BRDA:23,8,1,6
BRDA:26,9,0,0
BRDA:26,9,1,6
BRDA:37,10,0,7
BRDA:37,10,1,7
BRDA:37,10,2,0
BRDA:71,11,0,7
BRDA:71,11,1,7
BRDA:71,11,2,0
BRDA:77,12,0,6
BRDA:77,12,1,1
BRDA:78,13,0,0
BRDA:78,13,1,7
BRDA:78,14,0,7
BRDA:78,14,1,6
BRDA:80,15,0,0
BRDA:80,15,1,7
BRDA:80,16,0,7
BRDA:80,16,1,2
BRDA:89,17,0,0
BRDA:89,17,1,7
BRDA:89,18,0,7
BRDA:89,18,1,5
BRDA:89,18,2,1
BRDA:99,19,0,7
BRDA:99,19,1,7
BRDA:100,20,0,7
BRDA:100,20,1,5
BRDA:102,21,0,1
BRDA:102,21,1,6
BRDA:103,22,0,1
BRDA:103,22,1,6
BRDA:104,23,0,1
BRDA:104,23,1,0
BRDA:105,24,0,1
BRDA:105,24,1,1
BRDA:106,25,0,1
BRDA:106,25,1,1
BRDA:108,26,0,6
BRDA:108,26,1,6
BRDA:109,27,0,6
BRDA:109,27,1,6
BRDA:110,28,0,6
BRDA:110,28,1,6
BRDA:111,29,0,6
BRDA:111,29,1,6
BRDA:126,30,0,6
BRDA:126,30,1,1
BRDA:155,31,0,13
BRDA:155,31,1,0
BRDA:173,32,0,5
BRDA:173,32,1,0
BRDA:186,33,0,0
BRDA:186,33,1,0
BRDA:186,34,0,0
BRDA:186,34,1,0
BRDA:195,35,0,0
BRDA:195,35,1,3
BRDA:203,36,0,2
BRDA:203,36,1,0
BRDA:206,37,0,2
BRDA:206,37,1,0
BRDA:206,37,2,2
BRDA:210,38,0,2
BRDA:210,38,1,0
BRDA:234,39,0,0
BRDA:234,39,1,3
BRDA:234,40,0,3
BRDA:234,40,1,3
BRDA:258,41,0,2
BRDA:258,41,1,0
BRDA:258,42,0,2
BRDA:258,42,1,2
BRDA:275,43,0,96
BRDA:275,43,1,0
BRDA:276,44,0,0
BRDA:276,44,1,96
BRDA:278,45,0,93
BRDA:278,45,1,3
BRDA:281,46,0,2
BRDA:281,46,1,1
BRDA:282,47,0,0
BRDA:282,47,1,3
BRDA:284,48,0,96
BRDA:284,48,1,2
BRDA:288,49,0,0
BRDA:288,49,1,3
BRDA:288,50,0,3
BRDA:288,50,1,3
BRDA:294,51,0,0
BRDA:294,51,1,3
BRDA:294,52,0,3
BRDA:294,52,1,2
BRDA:294,52,2,0
BRDA:294,52,3,0
BRDA:295,53,0,0
BRDA:295,53,1,0
BRDA:296,54,0,0
BRDA:296,54,1,0
BRDA:297,55,0,3
BRDA:297,55,1,0
BRDA:297,56,0,3
BRDA:297,56,1,3
BRDA:301,57,0,3
BRDA:301,57,1,3
BRDA:302,58,0,3
BRDA:302,58,1,3
BRDA:331,59,0,1
BRDA:331,59,1,1
BRDA:331,60,0,2
BRDA:331,60,1,1
BRDA:333,61,0,1
BRDA:333,61,1,0
BRDA:344,62,0,1
BRDA:344,62,1,0
BRDA:354,63,0,1
BRDA:354,63,1,0
BRDA:377,64,0,2
BRDA:377,64,1,0
BRDA:379,65,0,0
BRDA:379,65,1,2
BRDA:379,66,0,2
BRDA:379,66,1,0
BRDA:379,66,2,0
BRDA:387,67,0,0
BRDA:387,67,1,0
BRDA:410,68,0,44
BRDA:410,68,1,3
BRDA:445,69,0,12
BRDA:445,69,1,32
BRDA:448,70,0,0
BRDA:448,70,1,12
BRDA:454,71,0,94
BRDA:454,71,1,31
BRDA:455,72,0,94
BRDA:455,72,1,63
BRDA:456,73,0,94
BRDA:456,73,1,94
BRDA:457,74,0,94
BRDA:457,74,1,0
BRDA:481,75,0,44
BRDA:481,75,1,27
BRDA:482,76,0,27
BRDA:482,76,1,17
BRDA:484,77,0,44
BRDA:484,77,1,17
BRDA:484,77,2,14
BRDA:484,77,3,6
BRDA:487,78,0,6
BRDA:487,78,1,3
BRDA:498,79,0,3
BRDA:498,79,1,3
BRDA:509,80,0,17
BRDA:509,80,1,27
BRDA:511,81,0,44
BRDA:511,81,1,17
BRDA:511,81,2,14
BRDA:513,82,0,3
BRDA:513,82,1,41
BRDA:517,83,0,44
BRDA:517,83,1,17
BRDA:517,83,2,14
BRDA:519,84,0,3
BRDA:519,84,1,41
BRDA:535,85,0,1
BRDA:535,85,1,1
BRDA:540,86,0,44
BRDA:540,86,1,41
BRDA:543,87,0,3
BRDA:543,87,1,41
BRDA:547,88,0,44
BRDA:547,88,1,33
BRDA:547,88,2,30
BRDA:547,88,3,27
BRDA:549,89,0,44
BRDA:549,89,1,3
BRDA:550,90,0,44
BRDA:550,90,1,3
BRDA:553,91,0,44
BRDA:553,91,1,11
BRDA:553,91,2,6
BRDA:553,91,3,5
BRDA:553,91,4,5
BRDA:562,92,0,1
BRDA:562,92,1,4
BRDA:566,93,0,1
BRDA:566,93,1,0
BRDA:570,94,0,1
BRDA:570,94,1,0
BRDA:577,95,0,4
BRDA:577,95,1,0
BRDA:581,96,0,4
BRDA:581,96,1,4
BRDA:587,97,0,5
BRDA:587,97,1,3
BRDA:591,98,0,4
BRDA:591,98,1,1
BRDA:591,99,0,1
BRDA:591,99,1,0
BRDA:592,100,0,5
BRDA:592,100,1,0
BRDA:596,101,0,5
BRDA:596,101,1,0
BRDA:616,102,0,44
BRDA:616,102,1,11
BRDA:616,102,2,6
BRDA:616,102,3,1
BRDA:616,102,4,1
BRDA:626,103,0,0
BRDA:626,103,1,1
BRDA:626,104,0,1
BRDA:626,104,1,1
BRDA:630,105,0,0
BRDA:630,105,1,0
BRDA:630,105,2,0
BRDA:634,106,0,0
BRDA:634,106,1,0
BRDA:641,107,0,1
BRDA:641,107,1,0
BRDA:641,107,2,0
BRDA:645,108,0,1
BRDA:645,108,1,0
BRDA:645,108,2,0
BRDA:649,109,0,1
BRDA:649,109,1,1
BRDA:653,110,0,1
BRDA:653,110,1,1
BRDA:664,111,0,1
BRDA:664,111,1,1
BRDA:678,112,0,44
BRDA:678,112,1,11
BRDA:678,112,2,5
BRDA:682,113,0,0
BRDA:682,113,1,5
BRDA:682,114,0,5
BRDA:682,114,1,5
BRF:254
BRH:190
end_of_record
TN:
SF:src\features\visitor\VisitorForm.jsx
FN:37,(anonymous_0)
FN:44,(anonymous_1)
FN:45,(anonymous_2)
FN:48,(anonymous_3)
FN:51,(anonymous_4)
FN:61,(anonymous_5)
FN:63,(anonymous_6)
FN:68,(anonymous_7)
FN:75,(anonymous_8)
FN:78,(anonymous_9)
FN:79,(anonymous_10)
FN:83,(anonymous_11)
FN:86,(anonymous_12)
FN:94,(anonymous_13)
FN:112,(anonymous_14)
FN:113,(anonymous_15)
FN:128,(anonymous_16)
FN:133,(anonymous_17)
FN:135,(anonymous_18)
FN:158,(anonymous_19)
FN:159,(anonymous_20)
FN:161,(anonymous_21)
FN:163,(anonymous_22)
FN:174,(anonymous_23)
FN:186,(anonymous_24)
FN:198,(anonymous_25)
FN:204,(anonymous_26)
FN:209,(anonymous_27)
FN:250,(anonymous_28)
FN:264,(anonymous_29)
FN:325,(anonymous_30)
FN:326,(anonymous_31)
FN:365,(anonymous_32)
FN:412,(anonymous_33)
FN:461,(anonymous_34)
FN:469,(anonymous_35)
FN:470,(anonymous_36)
FN:485,(anonymous_37)
FN:491,(anonymous_38)
FN:492,(anonymous_39)
FN:519,(anonymous_40)
FNF:41
FNH:36
FNDA:4,(anonymous_0)
FNDA:4,(anonymous_1)
FNDA:4,(anonymous_2)
FNDA:4,(anonymous_3)
FNDA:4,(anonymous_4)
FNDA:0,(anonymous_5)
FNDA:0,(anonymous_6)
FNDA:75,(anonymous_7)
FNDA:666,(anonymous_8)
FNDA:36,(anonymous_9)
FNDA:144,(anonymous_10)
FNDA:36,(anonymous_11)
FNDA:3354,(anonymous_12)
FNDA:12,(anonymous_13)
FNDA:64,(anonymous_14)
FNDA:12,(anonymous_15)
FNDA:214,(anonymous_16)
FNDA:2,(anonymous_17)
FNDA:0,(anonymous_18)
FNDA:1070,(anonymous_19)
FNDA:1284,(anonymous_20)
FNDA:0,(anonymous_21)
FNDA:79,(anonymous_22)
FNDA:13,(anonymous_23)
FNDA:17,(anonymous_24)
FNDA:79,(anonymous_25)
FNDA:4,(anonymous_26)
FNDA:2,(anonymous_27)
FNDA:0,(anonymous_28)
FNDA:2,(anonymous_29)
FNDA:424,(anonymous_30)
FNDA:4,(anonymous_31)
FNDA:101,(anonymous_32)
FNDA:2,(anonymous_33)
FNDA:20,(anonymous_34)
FNDA:2,(anonymous_35)
FNDA:2,(anonymous_36)
FNDA:20,(anonymous_37)
FNDA:2,(anonymous_38)
FNDA:2,(anonymous_39)
FNDA:2,(anonymous_40)
DA:13,2
DA:20,2
DA:25,2
DA:29,2
DA:37,2
DA:38,4
DA:39,4
DA:40,4
DA:41,4
DA:44,2
DA:45,4
DA:46,4
DA:47,4
DA:48,4
DA:49,4
DA:50,4
DA:51,4
DA:52,4
DA:53,4
DA:54,4
DA:55,4
DA:56,4
DA:57,4
DA:58,4
DA:59,4
DA:61,4
DA:63,4
DA:68,2
DA:69,75
DA:70,75
DA:71,75
DA:72,75
DA:75,2
DA:76,666
DA:77,666
DA:78,666
DA:79,36
DA:80,144
DA:82,36
DA:83,36
DA:86,3354
DA:88,666
DA:94,12
DA:113,64
DA:128,2
DA:129,214
DA:130,214
DA:131,214
DA:133,214
DA:134,2
DA:135,2
DA:138,214
DA:144,214
DA:146,214
DA:147,214
DA:148,214
DA:149,214
DA:150,214
DA:151,214
DA:153,214
DA:158,1070
DA:159,1284
DA:161,214
DA:163,214
DA:164,79
DA:165,32
DA:166,32
DA:167,32
DA:168,32
DA:169,47
DA:170,0
DA:174,214
DA:175,13
DA:176,9
DA:177,9
DA:178,9
DA:180,9
DA:181,0
DA:186,214
DA:187,17
DA:188,9
DA:189,9
DA:190,9
DA:191,9
DA:192,0
DA:193,9
DA:194,0
DA:198,214
DA:199,79
DA:200,29
DA:204,214
DA:205,4
DA:206,4
DA:207,4
DA:208,2
DA:210,2
DA:211,2
DA:212,2
DA:214,2
DA:219,4
DA:220,4
DA:221,2
DA:224,4
DA:226,4
DA:233,4
DA:234,2
DA:235,2
DA:236,2
DA:237,2
DA:240,4
DA:241,4
DA:244,4
DA:250,3
DA:252,3
DA:253,2
DA:254,2
DA:255,2
DA:256,2
DA:258,2
DA:259,2
DA:260,2
DA:262,2
DA:263,2
DA:264,2
DA:266,0
DA:269,1
DA:272,1
DA:276,214
DA:277,2
DA:290,212
DA:326,424
DA:366,101
DA:413,2
DA:414,2
DA:415,2
DA:461,20
DA:469,2
DA:470,2
DA:485,20
DA:491,2
DA:492,2
DA:520,2
DA:521,2
DA:522,2
LF:144
LH:139
BRDA:71,0,0,0
BRDA:71,0,1,75
BRDA:80,1,0,120
BRDA:80,1,1,24
BRDA:80,2,0,144
BRDA:80,2,1,144
BRDA:91,3,0,666
BRDA:91,3,1,666
BRDA:97,4,0,12
BRDA:97,4,1,654
BRDA:98,5,0,666
BRDA:98,5,1,0
BRDA:102,6,0,666
BRDA:102,6,1,18
BRDA:103,7,0,666
BRDA:103,7,1,588
BRDA:103,8,0,78
BRDA:103,8,1,588
BRDA:105,9,0,666
BRDA:105,9,1,12
BRDA:108,10,0,666
BRDA:108,10,1,12
BRDA:114,11,0,0
BRDA:114,11,1,64
BRDA:116,12,0,64
BRDA:116,12,1,0
BRDA:123,13,0,666
BRDA:123,13,1,0
BRDA:133,14,0,2
BRDA:161,15,0,0
BRDA:161,15,1,0
BRDA:164,16,0,32
BRDA:164,16,1,47
BRDA:169,17,0,0
BRDA:169,17,1,47
BRDA:169,18,0,47
BRDA:169,18,1,47
BRDA:170,19,0,0
BRDA:170,19,1,0
BRDA:175,20,0,9
BRDA:175,20,1,4
BRDA:176,21,0,9
BRDA:176,21,1,0
BRDA:177,22,0,9
BRDA:177,22,1,9
BRDA:180,23,0,0
BRDA:180,23,1,9
BRDA:180,24,0,9
BRDA:180,24,1,0
BRDA:187,25,0,8
BRDA:187,25,1,9
BRDA:189,26,0,0
BRDA:189,26,1,9
BRDA:189,27,0,9
BRDA:189,27,1,9
BRDA:191,28,0,0
BRDA:191,28,1,9
BRDA:193,29,0,0
BRDA:193,29,1,9
BRDA:199,30,0,29
BRDA:199,30,1,50
BRDA:199,31,0,79
BRDA:199,31,1,47
BRDA:199,31,2,47
BRDA:207,32,0,2
BRDA:207,32,1,2
BRDA:211,33,0,2
BRDA:211,33,1,0
BRDA:211,34,0,2
BRDA:211,34,1,2
BRDA:220,35,0,2
BRDA:220,35,1,2
BRDA:220,36,0,4
BRDA:220,36,1,2
BRDA:220,36,2,2
BRDA:233,37,0,2
BRDA:233,37,1,2
BRDA:235,38,0,2
BRDA:235,38,1,0
BRDA:240,39,0,4
BRDA:240,39,1,0
BRDA:240,40,0,4
BRDA:240,40,1,4
BRDA:252,41,0,2
BRDA:252,41,1,1
BRDA:254,42,0,2
BRDA:254,42,1,2
BRDA:258,43,0,2
BRDA:258,43,1,2
BRDA:269,44,0,1
BRDA:269,44,1,1
BRDA:276,45,0,2
BRDA:276,45,1,212
BRDA:295,46,0,212
BRDA:295,46,1,2
BRDA:301,47,0,2
BRDA:301,47,1,0
BRDA:304,48,0,2
BRDA:304,48,1,0
BRDA:326,49,0,212
BRDA:326,49,1,212
BRDA:327,50,0,212
BRDA:327,50,1,212
BRDA:328,51,0,212
BRDA:328,51,1,212
BRDA:329,52,0,424
BRDA:329,52,1,212
BRDA:342,53,0,21
BRDA:342,53,1,191
BRDA:346,54,0,214
BRDA:346,54,1,21
BRDA:350,55,0,214
BRDA:350,55,1,101
BRDA:374,56,0,15
BRDA:374,56,1,86
BRDA:378,57,0,101
BRDA:378,57,1,15
BRDA:382,58,0,0
BRDA:382,58,1,101
BRDA:383,59,0,19
BRDA:383,59,1,82
BRDA:396,60,0,0
BRDA:396,60,1,101
BRDA:397,61,0,101
BRDA:397,61,1,0
BRDA:401,62,0,0
BRDA:401,62,1,101
BRDA:402,63,0,101
BRDA:402,63,1,0
BRDA:414,64,0,2
BRDA:414,64,1,0
BRDA:414,65,0,2
BRDA:414,65,1,2
BRDA:425,66,0,101
BRDA:425,66,1,101
BRDA:426,67,0,101
BRDA:426,67,1,0
BRDA:426,68,0,101
BRDA:426,68,1,101
BRDA:429,69,0,0
BRDA:429,69,1,101
BRDA:430,70,0,101
BRDA:430,70,1,0
BRDA:430,71,0,101
BRDA:430,71,1,101
BRDA:433,72,0,101
BRDA:433,72,1,0
BRDA:452,73,0,2
BRDA:452,73,1,99
BRDA:455,74,0,101
BRDA:455,74,1,2
BRDA:463,75,0,2
BRDA:463,75,1,99
BRDA:465,76,0,101
BRDA:465,76,1,2
BRDA:478,77,0,214
BRDA:478,77,1,111
BRDA:486,78,0,2
BRDA:486,78,1,109
BRDA:489,79,0,111
BRDA:489,79,1,2
BRDA:499,80,0,0
BRDA:499,80,1,111
BRDA:500,81,0,19
BRDA:500,81,1,92
BRDA:502,82,0,111
BRDA:502,82,1,0
BRDA:510,83,0,0
BRDA:510,83,1,111
BRDA:511,84,0,111
BRDA:511,84,1,0
BRDA:521,85,0,2
BRDA:521,85,1,0
BRDA:521,86,0,2
BRDA:521,86,1,2
BRDA:532,87,0,111
BRDA:532,87,1,111
BRDA:533,88,0,111
BRDA:533,88,1,0
BRDA:533,89,0,111
BRDA:533,89,1,111
BRDA:536,90,0,0
BRDA:536,90,1,111
BRDA:537,91,0,111
BRDA:537,91,1,0
BRDA:537,92,0,111
BRDA:537,92,1,111
BRDA:540,93,0,111
BRDA:540,93,1,0
BRDA:549,94,0,214
BRDA:549,94,1,204
BRDA:552,95,0,206
BRDA:552,95,1,6
BRDA:552,96,0,214
BRDA:552,96,1,14
BRDA:555,97,0,8
BRDA:555,97,1,204
BRF:197
BRH:157
end_of_record
TN:
SF:src\services\api.js
FN:7,(anonymous_0)
FN:18,(anonymous_1)
FN:35,(anonymous_2)
FNF:3
FNH:3
FNDA:2,(anonymous_0)
FNDA:2,(anonymous_1)
FNDA:2,(anonymous_2)
DA:3,1
DA:5,1
DA:8,2
DA:9,2
DA:10,1
DA:12,1
DA:13,1
DA:19,2
DA:20,2
DA:27,1
DA:29,1
DA:30,1
DA:36,2
DA:37,2
DA:38,1
DA:40,1
DA:41,1
LF:17
LH:17
BRF:0
BRH:0
end_of_record
TN:
SF:src\utils\schemas.js
FN:9,(anonymous_0)
FN:10,(anonymous_1)
FN:12,(anonymous_2)
FN:34,(anonymous_3)
FN:42,(anonymous_4)
FN:76,(anonymous_5)
FN:79,(anonymous_6)
FN:86,(anonymous_7)
FN:103,(anonymous_8)
FN:125,(anonymous_9)
FN:146,(anonymous_10)
FN:147,(anonymous_11)
FNF:12
FNH:12
FNDA:384,(anonymous_0)
FNDA:384,(anonymous_1)
FNDA:384,(anonymous_2)
FNDA:384,(anonymous_3)
FNDA:382,(anonymous_4)
FNDA:8,(anonymous_5)
FNDA:8,(anonymous_6)
FNDA:8,(anonymous_7)
FNDA:4,(anonymous_8)
FNDA:6,(anonymous_9)
FNDA:6,(anonymous_10)
FNDA:6,(anonymous_11)
DA:4,4
DA:5,4
DA:7,4
DA:9,384
DA:10,384
DA:12,384
DA:17,4
DA:22,4
DA:28,4
DA:32,4
DA:34,384
DA:39,4
DA:42,4
DA:43,382
DA:44,382
DA:45,382
DA:46,382
DA:49,4
DA:57,4
DA:62,4
DA:76,8
DA:80,8
DA:81,7
DA:82,7
DA:84,7
DA:88,8
DA:89,2
DA:91,6
DA:94,4
DA:105,4
DA:106,0
DA:108,4
DA:111,4
DA:120,4
DA:126,6
DA:127,6
DA:129,6
DA:131,6
DA:146,6
DA:147,6
LF:40
LH:39
BRDA:10,0,0,384
BRDA:10,0,1,250
BRDA:10,0,2,34
BRDA:12,1,0,384
BRDA:12,1,1,250
BRDA:12,1,2,34
BRDA:34,2,0,384
BRDA:34,2,1,1
BRDA:80,3,0,1
BRDA:80,3,1,7
BRDA:80,4,0,8
BRDA:80,4,1,8
BRDA:88,5,0,2
BRDA:88,5,1,6
BRDA:88,6,0,8
BRDA:88,6,1,6
BRDA:89,7,0,2
BRDA:89,7,1,1
BRDA:105,8,0,0
BRDA:105,8,1,4
BRDA:105,9,0,4
BRDA:105,9,1,4
BRDA:106,10,0,0
BRDA:106,10,1,0
BRF:24
BRH:21
end_of_record
